0 info it worked if it ends with ok
1 verbose cli [ 'c:\\Program Files\\nodejs\\node.exe',
1 verbose cli   'c:\\Program Files\\nodejs\\node_modules\\npm\\bin\\npm-cli.js',
1 verbose cli   'install',
1 verbose cli   '--save-dev',
1 verbose cli   'node-mkdirp' ]
2 info using npm@1.4.28
3 info using node@v0.10.33
4 verbose readDependencies using package.json deps
5 verbose cache add [ 'node-mkdirp', null ]
6 verbose cache add name=undefined spec="node-mkdirp" args=["node-mkdirp",null]
7 verbose parsed url { protocol: null,
7 verbose parsed url   slashes: null,
7 verbose parsed url   auth: null,
7 verbose parsed url   host: null,
7 verbose parsed url   port: null,
7 verbose parsed url   hostname: null,
7 verbose parsed url   hash: null,
7 verbose parsed url   search: null,
7 verbose parsed url   query: null,
7 verbose parsed url   pathname: 'node-mkdirp',
7 verbose parsed url   path: 'node-mkdirp',
7 verbose parsed url   href: 'node-mkdirp' }
8 silly lockFile 76b5e3cb-node-mkdirp node-mkdirp
9 verbose lock node-mkdirp C:\Users\hesperus\AppData\Roaming\npm-cache\76b5e3cb-node-mkdirp.lock
10 silly lockFile 76b5e3cb-node-mkdirp node-mkdirp
11 silly lockFile 76b5e3cb-node-mkdirp node-mkdirp
12 verbose addNamed [ 'node-mkdirp', '' ]
13 verbose addNamed [ null, '*' ]
14 silly lockFile a268f6ae-node-mkdirp node-mkdirp@
15 verbose lock node-mkdirp@ C:\Users\hesperus\AppData\Roaming\npm-cache\a268f6ae-node-mkdirp.lock
16 silly addNameRange { name: 'node-mkdirp', range: '*', hasData: false }
17 verbose request where is /node-mkdirp
18 verbose request registry https://registry.npmjs.org/
19 verbose request id a273e7f304ec9402
20 verbose url raw /node-mkdirp
21 verbose url resolving [ 'https://registry.npmjs.org/', './node-mkdirp' ]
22 verbose url resolved https://registry.npmjs.org/node-mkdirp
23 verbose request where is https://registry.npmjs.org/node-mkdirp
24 info trying registry request attempt 1 at 23:23:40
25 http GET https://registry.npmjs.org/node-mkdirp
26 http 404 https://registry.npmjs.org/node-mkdirp
27 verbose headers { date: 'Thu, 20 Nov 2014 22:23:44 GMT',
27 verbose headers   server: 'CouchDB/1.5.0 (Erlang OTP/R16B03)',
27 verbose headers   'content-type': 'application/json',
27 verbose headers   'cache-control': 'max-age=0',
27 verbose headers   'content-length': '52',
27 verbose headers   'accept-ranges': 'bytes',
27 verbose headers   via: '1.1 varnish',
27 verbose headers   age: '0',
27 verbose headers   'x-served-by': 'cache-fra1244-FRA',
27 verbose headers   'x-cache': 'MISS',
27 verbose headers   'x-cache-hits': '0',
27 verbose headers   'x-timer': 'S1416522223.403572,VS0,VE696',
27 verbose headers   'keep-alive': 'timeout=10, max=50',
27 verbose headers   connection: 'Keep-Alive' }
28 silly registry.get cb [ 404,
28 silly registry.get   { date: 'Thu, 20 Nov 2014 22:23:44 GMT',
28 silly registry.get     server: 'CouchDB/1.5.0 (Erlang OTP/R16B03)',
28 silly registry.get     'content-type': 'application/json',
28 silly registry.get     'cache-control': 'max-age=0',
28 silly registry.get     'content-length': '52',
28 silly registry.get     'accept-ranges': 'bytes',
28 silly registry.get     via: '1.1 varnish',
28 silly registry.get     age: '0',
28 silly registry.get     'x-served-by': 'cache-fra1244-FRA',
28 silly registry.get     'x-cache': 'MISS',
28 silly registry.get     'x-cache-hits': '0',
28 silly registry.get     'x-timer': 'S1416522223.403572,VS0,VE696',
28 silly registry.get     'keep-alive': 'timeout=10, max=50',
28 silly registry.get     connection: 'Keep-Alive' } ]
29 silly lockFile a268f6ae-node-mkdirp node-mkdirp@
30 silly lockFile a268f6ae-node-mkdirp node-mkdirp@
31 error 404 404 Not Found: node-mkdirp
31 error 404
31 error 404 'node-mkdirp' is not in the npm registry.
31 error 404 You should bug the author to publish it
31 error 404 It was specified as a dependency of 'quickstart'
31 error 404
31 error 404 Maybe try 'npm search mkdirp'
31 error 404
31 error 404 Note that you can also install from a
31 error 404 tarball, folder, or http url, or git url.
32 error System Windows_NT 6.1.7601
33 error command "c:\\Program Files\\nodejs\\node.exe" "c:\\Program Files\\nodejs\\node_modules\\npm\\bin\\npm-cli.js" "install" "--save-dev" "node-mkdirp"
34 error cwd d:\projects\quickstart
35 error node -v v0.10.33
36 error npm -v 1.4.28
37 error code E404
38 verbose exit [ 1, true ]
